<?xml version="1.0" encoding="UTF-8"?>
<testng-results ignored="0" total="1" passed="1" failed="0" skipped="0">
  <reporter-output>
  </reporter-output>
  <suite started-at="2025-05-03T18:08:18 IST" name="Default suite" finished-at="2025-05-03T18:08:28 IST" duration-ms="10410">
    <groups>
    </groups>
    <test started-at="2025-05-03T18:08:18 IST" name="Default test" finished-at="2025-05-03T18:08:28 IST" duration-ms="10410">
      <class name="com.costacoffee.tests.FirstTest">
        <test-method is-config="true" signature="setUp()[pri:0, instance:com.costacoffee.tests.FirstTest@26b3fd41]" started-at="2025-05-03T18:08:18 IST" name="setUp" finished-at="2025-05-03T18:08:18 IST" duration-ms="84" status="PASS">
          <reporter-output>
          </reporter-output>
        </test-method> <!-- setUp -->
        <test-method signature="unlockButton()[pri:0, instance:com.costacoffee.tests.FirstTest@26b3fd41]" started-at="2025-05-03T18:08:18 IST" name="unlockButton" finished-at="2025-05-03T18:08:28 IST" duration-ms="10206" status="PASS">
          <reporter-output>
          </reporter-output>
        </test-method> <!-- unlockButton -->
        <test-method is-config="true" signature="tearDown()[pri:0, instance:com.costacoffee.tests.FirstTest@26b3fd41]" started-at="2025-05-03T18:08:28 IST" name="tearDown" finished-at="2025-05-03T18:08:28 IST" duration-ms="89" status="PASS">
          <reporter-output>
          </reporter-output>
        </test-method> <!-- tearDown -->
      </class> <!-- com.costacoffee.tests.FirstTest -->
    </test> <!-- Default test -->
  </suite> <!-- Default suite -->
</testng-results>
